Filter category = peace

year: 2024
category: peace
Number of laureates: 1
	- firstname: Nihon Hidankyo
	- surname: 
	- motivation: for its efforts to achieve a world free of nuclear weapons and for demonstrating through witness testimony that nuclear weapons must never be used again


year: 2023
category: peace
Number of laureates: 1
	- firstname: Narges
	- surname: Mohammadi
	- motivation: for her fight against the oppression of women in Iran and her fight to promote human rights and freedom for all


year: 2022
category: peace
Number of laureates: 3
	- firstname: Ales
	- surname: Bialiatski 
	- motivation: The Peace Prize laureates represent civil society in their home countries. They have for many years promoted the right to criticise power and protect the fundamental rights of citizens. They have made an outstanding effort to document war crimes, human right abuses and the abuse of power. Together they demonstrate the significance of civil society for peace and democracy.

	- firstname: Memorial
	- surname: 
	- motivation: The Peace Prize laureates represent civil society in their home countries. They have for many years promoted the right to criticise power and protect the fundamental rights of citizens. They have made an outstanding effort to document war crimes, human right abuses and the abuse of power. Together they demonstrate the significance of civil society for peace and democracy.

	- firstname: Center for Civil Liberties
	- surname: 
	- motivation: The Peace Prize laureates represent civil society in their home countries. They have for many years promoted the right to criticise power and protect the fundamental rights of citizens. They have made an outstanding effort to document war crimes, human right abuses and the abuse of power. Together they demonstrate the significance of civil society for peace and democracy.


year: 2021
category: peace
Number of laureates: 2
	- firstname: Maria
	- surname: Ressa
	- motivation: for their efforts to safeguard freedom of expression, which is a precondition for democracy and lasting peace

	- firstname: Dmitry
	- surname: Muratov
	- motivation: for their efforts to safeguard freedom of expression, which is a precondition for democracy and lasting peace


year: 2020
category: peace
Number of laureates: 1
	- firstname: World Food Programme
	- surname: 
	- motivation: for its efforts to combat hunger, for its contribution to bettering conditions for peace in conflict-affected areas and for acting as a driving force in efforts to prevent the use of hunger as a weapon of war and conflict


year: 2019
category: peace
Number of laureates: 1
	- firstname: Abiy
	- surname: Ahmed Ali
	- motivation: for his efforts to achieve peace and international cooperation, and in particular for his decisive initiative to resolve the border conflict with neighbouring Eritrea


year: 2018
category: peace
Number of laureates: 2
	- firstname: Denis
	- surname: Mukwege
	- motivation: for their efforts to end the use of sexual violence as a weapon of war and armed conflict

	- firstname: Nadia
	- surname: Murad
	- motivation: for their efforts to end the use of sexual violence as a weapon of war and armed conflict


year: 2017
category: peace
Number of laureates: 1
	- firstname: International Campaign to Abolish Nuclear Weapons
	- surname: 
	- motivation: for its work to draw attention to the catastrophic humanitarian consequences of any use of nuclear weapons and for its ground-breaking efforts to achieve a treaty-based prohibition of such weapons


year: 2016
category: peace
Number of laureates: 1
	- firstname: Juan Manuel
	- surname: Santos
	- motivation: for his resolute efforts to bring the country's more than 50-year-long civil war to an end


year: 2015
category: peace
Number of laureates: 1
	- firstname: National Dialogue Quartet
	- surname: 
	- motivation: for its decisive contribution to the building of a pluralistic democracy in Tunisia in the wake of the Jasmine Revolution of 2011


year: 2014
category: peace
Number of laureates: 2
	- firstname: Kailash
	- surname: Satyarthi
	- motivation: for their struggle against the suppression of children and young people and for the right of all children to education

	- firstname: Malala
	- surname: Yousafzai
	- motivation: for their struggle against the suppression of children and young people and for the right of all children to education


year: 2013
category: peace
Number of laureates: 1
	- firstname: Organisation for the Prohibition of Chemical Weapons
	- surname: 
	- motivation: for its extensive efforts to eliminate chemical weapons


year: 2012
category: peace
Number of laureates: 1
	- firstname: European Union
	- surname: 
	- motivation: for over six decades contributed to the advancement of peace and reconciliation, democracy and human rights in Europe


year: 2011
category: peace
Number of laureates: 3
	- firstname: Ellen
	- surname: Johnson Sirleaf
	- motivation: for their non-violent struggle for the safety of women and for women's rights to full participation in peace-building work

	- firstname: Leymah
	- surname: Gbowee
	- motivation: for their non-violent struggle for the safety of women and for women's rights to full participation in peace-building work

	- firstname: Tawakkol
	- surname: Karman
	- motivation: for their non-violent struggle for the safety of women and for women's rights to full participation in peace-building work


year: 2010
category: peace
Number of laureates: 1
	- firstname: Xiaobo
	- surname: Liu
	- motivation: for his long and non-violent struggle for fundamental human rights in China


year: 2009
category: peace
Number of laureates: 1
	- firstname: Barack
	- surname: Obama
	- motivation: for his extraordinary efforts to strengthen international diplomacy and cooperation between peoples


year: 2008
category: peace
Number of laureates: 1
	- firstname: Martti
	- surname: Ahtisaari
	- motivation: for his important efforts, on several continents and over more than three decades, to resolve international conflicts


year: 2007
category: peace
Number of laureates: 2
	- firstname: Intergovernmental Panel on Climate Change
	- surname: 
	- motivation: for their efforts to build up and disseminate greater knowledge about man-made climate change, and to lay the foundations for the measures that are needed to counteract such change

	- firstname: Al
	- surname: Gore
	- motivation: for their efforts to build up and disseminate greater knowledge about man-made climate change, and to lay the foundations for the measures that are needed to counteract such change


year: 2006
category: peace
Number of laureates: 2
	- firstname: Muhammad
	- surname: Yunus
	- motivation: for their efforts to create economic and social development from below

	- firstname: Grameen Bank
	- surname: 
	- motivation: for their efforts to create economic and social development from below


year: 2005
category: peace
Number of laureates: 2
	- firstname: International Atomic Energy Agency
	- surname: 
	- motivation: for their efforts to prevent nuclear energy from being used for military purposes and to ensure that nuclear energy for peaceful purposes is used in the safest possible way

	- firstname: Mohamed
	- surname: ElBaradei
	- motivation: for their efforts to prevent nuclear energy from being used for military purposes and to ensure that nuclear energy for peaceful purposes is used in the safest possible way


year: 2004
category: peace
Number of laureates: 1
	- firstname: Wangari
	- surname: Maathai
	- motivation: for her contribution to sustainable development, democracy and peace


year: 2003
category: peace
Number of laureates: 1
	- firstname: Shirin
	- surname: Ebadi
	- motivation: for her efforts for democracy and human rights. She has focused especially on the struggle for the rights of women and children


year: 2002
category: peace
Number of laureates: 1
	- firstname: Jimmy
	- surname: Carter
	- motivation: for his decades of untiring effort to find peaceful solutions to international conflicts, to advance democracy and human rights, and to promote economic and social development


year: 2001
category: peace
Number of laureates: 2
	- firstname: United Nations
	- surname: 
	- motivation: for their work for a better organized and more peaceful world

	- firstname: Kofi
	- surname: Annan
	- motivation: for their work for a better organized and more peaceful world


year: 2000
category: peace
Number of laureates: 1
	- firstname: Kim
	- surname: Dae-jung
	- motivation: for his work for democracy and human rights in South Korea and in East Asia in general, and for peace and reconciliation with North Korea in particular


year: 1999
category: peace
Number of laureates: 1
	- firstname: Doctors Without Borders
	- surname: 
	- motivation: in recognition of the organisation's pioneering humanitarian work on several continents


year: 1998
category: peace
Number of laureates: 2
	- firstname: John
	- surname: Hume
	- motivation: for their efforts to find a peaceful solution to the conflict in Northern Ireland

	- firstname: David
	- surname: Trimble
	- motivation: for their efforts to find a peaceful solution to the conflict in Northern Ireland


year: 1997
category: peace
Number of laureates: 2
	- firstname: International Campaign to Ban Landmines
	- surname: 
	- motivation: for their work for the banning and clearing of anti-personnel mines

	- firstname: Jody
	- surname: Williams
	- motivation: for their work for the banning and clearing of anti-personnel mines


year: 1996
category: peace
Number of laureates: 2
	- firstname: Carlos Filipe Ximenes
	- surname: Belo
	- motivation: for their work towards a just and peaceful solution to the conflict in East Timor

	- firstname: José
	- surname: Ramos-Horta
	- motivation: for their work towards a just and peaceful solution to the conflict in East Timor


year: 1995
category: peace
Number of laureates: 2
	- firstname: Joseph
	- surname: Rotblat
	- motivation: for their efforts to diminish the part played by nuclear arms in international politics and, in the longer run, to eliminate such arms

	- firstname: Pugwash Conferences on Science and World Affairs
	- surname: 
	- motivation: for their efforts to diminish the part played by nuclear arms in international politics and, in the longer run, to eliminate such arms


year: 1994
category: peace
Number of laureates: 3
	- firstname: Yasser
	- surname: Arafat
	- motivation: for their efforts to create peace in the Middle East

	- firstname: Shimon
	- surname: Peres
	- motivation: for their efforts to create peace in the Middle East

	- firstname: Yitzhak
	- surname: Rabin
	- motivation: for their efforts to create peace in the Middle East


year: 1993
category: peace
Number of laureates: 2
	- firstname: Nelson
	- surname: Mandela
	- motivation: for their work for the peaceful termination of the apartheid regime, and for laying the foundations for a new democratic South Africa

	- firstname: F.W.
	- surname: de Klerk
	- motivation: for their work for the peaceful termination of the apartheid regime, and for laying the foundations for a new democratic South Africa


year: 1992
category: peace
Number of laureates: 1
	- firstname: Rigoberta
	- surname: Menchú Tum
	- motivation: for her struggle for social justice and ethno-cultural reconciliation based on respect for the rights of indigenous peoples


year: 1991
category: peace
Number of laureates: 1
	- firstname: Aung San Suu Kyi
	- surname: 
	- motivation: for her non-violent struggle for democracy and human rights


year: 1990
category: peace
Number of laureates: 1
	- firstname: Mikhail
	- surname: Gorbachev
	- motivation: for the leading role he played in the radical changes in East-West relations


year: 1989
category: peace
Number of laureates: 1
	- firstname: Lhamo
	- surname: Thondup
	- motivation: for advocating peaceful solutions based upon tolerance and mutual respect in order to preserve the historical and cultural heritage of his people


year: 1988
category: peace
Number of laureates: 1
	- firstname: United Nations Peacekeeping Forces
	- surname: 
	- motivation: for preventing armed clashes and creating conditions for negotiations


year: 1987
category: peace
Number of laureates: 1
	- firstname: Oscar
	- surname: Arias Sánchez
	- motivation: for his work for lasting peace in Central America


year: 1986
category: peace
Number of laureates: 1
	- firstname: Elie
	- surname: Wiesel
	- motivation: for being a messenger to mankind: his message is one of peace, atonement and dignity


year: 1985
category: peace
Number of laureates: 1
	- firstname: International Physicians for the Prevention of Nuclear War
	- surname: 
	- motivation: for spreading authoritative information and by creating awareness of the catastrophic consequences of nuclear war


year: 1984
category: peace
Number of laureates: 1
	- firstname: Desmond
	- surname: Tutu
	- motivation: for his role as a unifying leader figure in the non-violent campaign to resolve the problem of apartheid in South Africa


year: 1983
category: peace
Number of laureates: 1
	- firstname: Lech
	- surname: Wałęsa
	- motivation: for non-violent struggle for free trade unions and human rights in Poland


year: 1982
category: peace
Number of laureates: 2
	- firstname: Alva
	- surname: Myrdal
	- motivation: for their work for disarmament and nuclear and weapon-free zones

	- firstname: Alfonso
	- surname: García Robles
	- motivation: for their work for disarmament and nuclear and weapon-free zones


year: 1981
category: peace
Number of laureates: 1
	- firstname: Office of the United Nations High Commissioner for Refugees
	- surname: 
	- motivation: for promoting the fundamental rights of refugees


year: 1980
category: peace
Number of laureates: 1
	- firstname: Adolfo
	- surname: Pérez Esquivel
	- motivation: for being a source of inspiration to repressed people, especially in Latin America


year: 1979
category: peace
Number of laureates: 1
	- firstname: Anjezë Gonxhe
	- surname: Bojaxhiu
	- motivation: for her work for bringing help to suffering humanity


year: 1978
category: peace
Number of laureates: 2
	- firstname: Anwar
	- surname: al-Sadat
	- motivation: for jointly having negotiated peace between Egypt and Israel in 1978

	- firstname: Menachem
	- surname: Begin
	- motivation: for jointly having negotiated peace between Egypt and Israel in 1978


year: 1977
category: peace
Number of laureates: 1
	- firstname: Amnesty International
	- surname: 
	- motivation: for worldwide respect for human rights


year: 1976
category: peace
Number of laureates: 2
	- firstname: Betty
	- surname: Williams
	- motivation: for the courageous efforts in founding a movement to put an end to the violent conflict in Northern Ireland

	- firstname: Mairead
	- surname: Corrigan
	- motivation: for the courageous efforts in founding a movement to put an end to the violent conflict in Northern Ireland


year: 1975
category: peace
Number of laureates: 1
	- firstname: Andrei
	- surname: Sakharov
	- motivation: for his struggle for human rights in the Soviet Union, for disarmament and cooperation between all nations


year: 1974
category: peace
Number of laureates: 2
	- firstname: Seán
	- surname: MacBride
	- motivation: for his efforts to secure and develop human rights throughout the world

	- firstname: Eisaku
	- surname: Satō
	- motivation: for his contribution to stabilize conditions in the Pacific rim area and for signing the Nuclear Non-Proliferation Treaty


year: 1973
category: peace
Number of laureates: 2
	- firstname: Henry
	- surname: Kissinger
	- motivation: for jointly having negotiated a cease fire in Vietnam in 1973

	- firstname: Le Duc Tho
	- surname: 
	- motivation: for jointly having negotiated a cease fire in Vietnam in 1973


year: 1972
category: peace
Motivation: No Nobel Prize was awarded this year. The prize money for 1972 was allocated to the Main Fund.

year: 1971
category: peace
Number of laureates: 1
	- firstname: Willy
	- surname: Brandt
	- motivation: for paving the way for a meaningful dialogue between East and West


year: 1970
category: peace
Number of laureates: 1
	- firstname: Norman
	- surname: Borlaug
	- motivation: for having given a well-founded hope - the green revolution


year: 1969
category: peace
Number of laureates: 1
	- firstname: International Labour Organization
	- surname: 
	- motivation: for creating international legislation insuring certain norms for working conditions in every country


year: 1968
category: peace
Number of laureates: 1
	- firstname: René
	- surname: Cassin
	- motivation: for his struggle to ensure the rights of man as stipulated in the UN Declaration


year: 1967
category: peace
Motivation: No Nobel Prize was awarded this year. 1/3 of the prize money was allocated to the main fund and 2/3 was allocated to the special fund of this prize section.

year: 1966
category: peace
Motivation: No Nobel Prize was awarded this year. The prize money was allocated to the Special Fund of this prize section.

year: 1965
category: peace
Number of laureates: 1
	- firstname: United Nations Children's Fund
	- surname: 
	- motivation: for its effort to enhance solidarity between nations and reduce the difference between rich and poor states


year: 1964
category: peace
Number of laureates: 1
	- firstname: Martin Luther
	- surname: King Jr.
	- motivation: for his non-violent struggle for civil rights for the Afro-American population


year: 1963
category: peace
Number of laureates: 2
	- firstname: International Committee of the Red Cross
	- surname: 
	- motivation: for promoting the principles of the Geneva Convention and cooperation with the UN

	- firstname: League of Red Cross Societies
	- surname: 
	- motivation: for promoting the principles of the Geneva Convention and cooperation with the UN


year: 1962
category: peace
Number of laureates: 1
	- firstname: Linus
	- surname: Pauling
	- motivation: for his fight against the nuclear arms race between East and West


year: 1961
category: peace
Number of laureates: 1
	- firstname: Dag
	- surname: Hammarskjöld
	- motivation: for developing the UN into an effective and constructive international organization, capable of giving life to the principles and aims expressed in the UN Charter


year: 1960
category: peace
Number of laureates: 1
	- firstname: Albert
	- surname: Lutuli
	- motivation: for his non-violent struggle against apartheid


year: 1959
category: peace
Number of laureates: 1
	- firstname: Philip
	- surname: Noel-Baker
	- motivation: for his longstanding contribution to the cause of disarmament and peace


year: 1958
category: peace
Number of laureates: 1
	- firstname: Georges
	- surname: Pire
	- motivation: for his efforts to help refugees to leave their camps and return to a life of freedom and dignity


year: 1957
category: peace
Number of laureates: 1
	- firstname: Lester Bowles
	- surname: Pearson
	- motivation: for his crucial contribution to the deployment of a United Nations Emergency Force in the wake of the Suez Crisis


year: 1956
category: peace
Motivation: No Nobel Prize was awarded this year. 1/3 of the prize money was allocated to the main fund and 2/3 was allocated to the special fund of this prize section.

year: 1955
category: peace
Motivation: No Nobel Prize was awarded this year. The prize money was allocated to the Special Fund of this prize section.

year: 1954
category: peace
Number of laureates: 1
	- firstname: Office of the United Nations High Commissioner for Refugees
	- surname: 
	- motivation: for its efforts to heal the wounds of war by providing help and protection to refugees all over the world


year: 1953
category: peace
Number of laureates: 1
	- firstname: George C.
	- surname: Marshall
	- motivation: for proposing and supervising the plan for the economic recovery of Europe


year: 1952
category: peace
Number of laureates: 1
	- firstname: Albert
	- surname: Schweitzer
	- motivation: for his altruism, reverence for life, and tireless humanitarian work which has helped making the idea of brotherhood between men and nations a living one


year: 1951
category: peace
Number of laureates: 1
	- firstname: Léon
	- surname: Jouhaux
	- motivation: for having devoted his life to the fight against war through the promotion of social justice and brotherhood among men and nations


year: 1950
category: peace
Number of laureates: 1
	- firstname: Ralph
	- surname: Bunche
	- motivation: for his work as mediator in Palestine in 1948-1949


year: 1949
category: peace
Number of laureates: 1
	- firstname: John
	- surname: Boyd Orr
	- motivation: for his lifelong effort to conquer hunger and want, thereby helping to remove a major cause of military conflict and war


year: 1948
category: peace
Motivation: No Nobel Prize was awarded this year. 1/3 of the prize money was allocated to the main fund and 2/3 was allocated to the special fund of this prize section.

year: 1947
category: peace
Number of laureates: 2
	- firstname: Friends Service Council
	- surname: 
	- motivation: for their pioneering work in the international peace movement and compassionate effort to relieve human suffering, thereby promoting the fraternity between nations

	- firstname: American Friends Service Committee
	- surname: 
	- motivation: for their pioneering work in the international peace movement and compassionate effort to relieve human suffering, thereby promoting the fraternity between nations


year: 1946
category: peace
Number of laureates: 2
	- firstname: Emily Greene
	- surname: Balch
	- motivation: for her lifelong work for the cause of peace

	- firstname: John R.
	- surname: Mott
	- motivation: for his contribution to the creation of a peace-promoting religious brotherhood across national boundaries


year: 1945
category: peace
Number of laureates: 1
	- firstname: Cordell
	- surname: Hull
	- motivation: for his indefatigable work for international understanding and his pivotal role in establishing the United Nations


year: 1944
category: peace
Number of laureates: 1
	- firstname: International Committee of the Red Cross
	- surname: 
	- motivation: for the great work it has performed during the war on behalf of humanity


year: 1943
category: peace
Motivation: No Nobel Prize was awarded this year. 1/3 of the prize money was allocated to the main fund and 2/3 was allocated to the special fund of this prize section.

year: 1942
category: peace
Motivation: No Nobel Prize was awarded this year. 1/3 of the prize money was allocated to the main fund and 2/3 was allocated to the special fund of this prize section.

year: 1941
category: peace
Motivation: No Nobel Prize was awarded this year. 1/3 of the prize money was allocated to the main fund and 2/3 was allocated to the special fund of this prize section.

year: 1940
category: peace
Motivation: No Nobel Prize was awarded this year. 1/3 of the prize money was allocated to the main fund and 2/3 was allocated to the special fund of this prize section.

year: 1939
category: peace
Motivation: No Nobel Prize was awarded this year. 1/3 of the prize money was allocated to the main fund and 2/3 was allocated to the special fund of this prize section.

year: 1938
category: peace
Number of laureates: 1
	- firstname: Nansen International Office for Refugees
	- surname: 
	- motivation: for having carried on the work of Fridtjof Nansen to the benefit of refugees across Europe


year: 1937
category: peace
Number of laureates: 1
	- firstname: Robert
	- surname: Cecil
	- motivation: for his tireless effort in support of the League of Nations, disarmament and peace


year: 1936
category: peace
Number of laureates: 1
	- firstname: Carlos
	- surname: Saavedra Lamas
	- motivation: for his role as father of the Argentine Antiwar Pact of 1933, which he also used as a means to mediate peace between Paraguay and Bolivia in 1935


year: 1935
category: peace
Number of laureates: 1
	- firstname: Carl
	- surname: von Ossietzky
	- motivation: for his burning love for freedom of thought and expression and his valuable contribution to the cause of peace


year: 1934
category: peace
Number of laureates: 1
	- firstname: Arthur
	- surname: Henderson
	- motivation: for his untiring struggle and his courageous efforts as Chairman of the League of Nations Disarmament Conference 1931-34


year: 1933
category: peace
Number of laureates: 1
	- firstname: Sir Norman
	- surname: Angell
	- motivation: for having exposed by his pen the illusion of war and presented a convincing plea for international cooperation and peace


year: 1932
category: peace
Motivation: No Nobel Prize was awarded this year. The prize money was allocated to the Special Fund of this prize section.

year: 1931
category: peace
Number of laureates: 2
	- firstname: Jane
	- surname: Addams
	- motivation: for their assiduous effort to revive the ideal of peace and to rekindle the spirit of peace in their own nation and in the whole of mankind

	- firstname: Nicholas Murray
	- surname: Butler
	- motivation: for their assiduous effort to revive the ideal of peace and to rekindle the spirit of peace in their own nation and in the whole of mankind


year: 1930
category: peace
Number of laureates: 1
	- firstname: Nathan
	- surname: Söderblom
	- motivation: for promoting Christian unity and helping create 'that new attitude of mind which is necessary if peace between nations is to become reality'


year: 1929
category: peace
Number of laureates: 1
	- firstname: Frank B.
	- surname: Kellogg
	- motivation: for his crucial role in bringing about the Briand-Kellogg Pact


year: 1928
category: peace
Motivation: No Nobel Prize was awarded this year. The prize money was allocated to the Special Fund of this prize section.

year: 1927
category: peace
Number of laureates: 2
	- firstname: Ferdinand
	- surname: Buisson
	- motivation: for their contribution to the emergence in France and Germany of a public opinion which favours peaceful international cooperation

	- firstname: Ludwig
	- surname: Quidde
	- motivation: for their contribution to the emergence in France and Germany of a public opinion which favours peaceful international cooperation


year: 1926
category: peace
Number of laureates: 2
	- firstname: Aristide
	- surname: Briand
	- motivation: for their crucial role in bringing about the Locarno Treaty

	- firstname: Gustav
	- surname: Stresemann
	- motivation: for their crucial role in bringing about the Locarno Treaty


year: 1925
category: peace
Number of laureates: 2
	- firstname: Sir Austen
	- surname: Chamberlain
	- motivation: for his crucial role in bringing about the Locarno Treaty

	- firstname: Charles G.
	- surname: Dawes
	- motivation: for his crucial role in bringing about the Dawes Plan


year: 1924
category: peace
Motivation: No Nobel Prize was awarded this year. The prize money was allocated to the Special Fund of this prize section.

year: 1923
category: peace
Motivation: No Nobel Prize was awarded this year. The prize money was allocated to the Special Fund of this prize section.

year: 1922
category: peace
Number of laureates: 1
	- firstname: Fridtjof
	- surname: Nansen
	- motivation: for his leading role in the repatriation of prisoners of war, in international relief work and as the League of Nations' High Commissioner for refugees


year: 1921
category: peace
Number of laureates: 2
	- firstname: Hjalmar
	- surname: Branting
	- motivation: for their lifelong contributions to the cause of peace and organized internationalism

	- firstname: Christian
	- surname: Lange
	- motivation: for their lifelong contributions to the cause of peace and organized internationalism


year: 1920
category: peace
Number of laureates: 1
	- firstname: Léon
	- surname: Bourgeois
	- motivation: for his longstanding contribution to the cause of peace and justice and his prominent role in the establishment of the League of Nations


year: 1919
category: peace
Number of laureates: 1
	- firstname: Woodrow
	- surname: Wilson
	- motivation: for his role as founder of the League of Nations


year: 1918
category: peace
Motivation: No Nobel Prize was awarded this year. The prize money was allocated to the Special Fund of this prize section.

year: 1917
category: peace
Number of laureates: 1
	- firstname: International Committee of the Red Cross
	- surname: 
	- motivation: for the efforts to take care of wounded soldiers and prisoners of war and their families


year: 1916
category: peace
Motivation: No Nobel Prize was awarded this year. The prize money was allocated to the Special Fund of this prize section.

year: 1915
category: peace
Motivation: No Nobel Prize was awarded this year. The prize money was allocated to the Special Fund of this prize section.

year: 1914
category: peace
Motivation: No Nobel Prize was awarded this year. The prize money was allocated to the Special Fund of this prize section.

year: 1913
category: peace
Number of laureates: 1
	- firstname: Henri
	- surname: La Fontaine
	- motivation: for his unparalleled contribution to the organization of peaceful internationalism


year: 1912
category: peace
Number of laureates: 1
	- firstname: Elihu
	- surname: Root
	- motivation: for bringing about better understanding between the countries of North and South America and initiating important arbitration agreements between the United States and other countries


year: 1911
category: peace
Number of laureates: 2
	- firstname: Tobias
	- surname: Asser
	- motivation: for his role as co-founder of the Institut de droit international, initiator of the Conferences on International Private Law (Conférences de Droit international privé) at the Hague, and pioneer in the field of international legal relations

	- firstname: Alfred
	- surname: Fried
	- motivation: for his effort to expose and fight what he considers to be the main cause of war, namely, the anarchy in international relations


year: 1910
category: peace
Number of laureates: 1
	- firstname: Permanent International Peace Bureau
	- surname: 
	- motivation: for acting as a link between the peace societies of the various countries, and helping them to organize the world rallies of the international peace movement


year: 1909
category: peace
Number of laureates: 2
	- firstname: Auguste
	- surname: Beernaert
	- motivation: for their prominent position in the international movement for peace and arbitration

	- firstname: Paul Henri
	- surname: d'Estournelles de Constant
	- motivation: for their prominent position in the international movement for peace and arbitration


year: 1908
category: peace
Number of laureates: 2
	- firstname: Klas Pontus
	- surname: Arnoldson
	- motivation: for their long time work for the cause of peace as politicians, peace society leaders, orators and authors

	- firstname: Fredrik
	- surname: Bajer
	- motivation: for their long time work for the cause of peace as politicians, peace society leaders, orators and authors


year: 1907
category: peace
Number of laureates: 2
	- firstname: Ernesto Teodoro
	- surname: Moneta
	- motivation: for his work in the press and in peace meetings, both public and private, for an understanding between France and Italy

	- firstname: Louis
	- surname: Renault
	- motivation: for his decisive influence upon the conduct and outcome of the Hague and Geneva Conferences


year: 1906
category: peace
Number of laureates: 1
	- firstname: Theodore
	- surname: Roosevelt
	- motivation: for his role in bringing to an end the bloody war recently waged between two of the world's great powers, Japan and Russia


year: 1905
category: peace
Number of laureates: 1
	- firstname: Bertha
	- surname: von Suttner
	- motivation: for her audacity to oppose the horrors of war


year: 1904
category: peace
Number of laureates: 1
	- firstname: Institute of International Law
	- surname: 
	- motivation: for its striving in public law to develop peaceful ties between nations and to make the laws of war more humane


year: 1903
category: peace
Number of laureates: 1
	- firstname: Randal
	- surname: Cremer
	- motivation: for his longstanding and devoted effort in favour of the ideas of peace and arbitration


year: 1902
category: peace
Number of laureates: 2
	- firstname: Élie
	- surname: Ducommun
	- motivation: for his untiring and skilful directorship of the Bern Peace Bureau

	- firstname: Albert
	- surname: Gobat
	- motivation: for his eminently practical administration of the Inter-Parliamentary Union


year: 1901
category: peace
Number of laureates: 2
	- firstname: Henry
	- surname: Dunant
	- motivation: for his humanitarian efforts to help wounded soldiers and create international understanding

	- firstname: Frédéric
	- surname: Passy
	- motivation: for his lifelong work for international peace conferences, diplomacy and arbitration



Most frequent words in the motivation fields:

	59	prize
	52	peace
	35	efforts
	31	work
	27	allocated
	27	fund
	25	international
	22	rights
	20	year
	19	awarded

